Arguments: 
  C:\Program Files\nodejs\node.exe C:\Users\Дональд\AppData\Roaming\npm\node_modules\yarn\bin\yarn.js install json-server

PATH: 
  C:\Python310\Scripts\;C:\Python310\;C:\Program Files\Microsoft\jdk-11.0.12.7-hotspot\bin;C:\Program Files\Microsoft MPI\Bin\;C:\Program Files\Common Files\Oracle\Java\javapath;C:\Windows\system32;C:\Windows;C:\Windows\System32\Wbem;C:\Windows\System32\WindowsPowerShell\v1.0\;C:\Windows\System32\OpenSSH\;C:\Program Files (x86)\NVIDIA Corporation\PhysX\Common;C:\Program Files\NVIDIA Corporation\NVIDIA NvDLISR;C:\WINDOWS\system32;C:\WINDOWS;C:\WINDOWS\System32\Wbem;C:\WINDOWS\System32\WindowsPowerShell\v1.0\;C:\WINDOWS\System32\OpenSSH\;C:\Program Files\dotnet\;C:\Program Files\Microsoft SQL Server\Client SDK\ODBC\170\Tools\Binn\;C:\Program Files\Java\jdk-11\bin;C:\Program Files\Git\bin\;C:\Program Files\Git\cmd\;C:\Program Files\PostgreSQL\13\bin;C:\Program Files\Microsoft SQL Server\130\Tools\Binn\;C:\Program Files\Symfony;C:\xampp\php;C:\ProgramData\ComposerSetup\bin;C:\ProgramData\chocolatey\bin;C:\Program Files (x86)\Microsoft SQL Server\150\DTS\Binn\;C:\Program Files\Azure Data Studio\bin;C:\Users\Дональд\AppData\Local\Programs\Python\Python39\Scripts;C:\Users\Дональд\AppData\Local\Programs\Python\Python39;%HOME%\pip\pip.ini;C:\Program Files (x86)\Microsoft SQL Server\150\Tools\Binn\;C:\Program Files\Microsoft SQL Server\150\Tools\Binn\;C:\Program Files\Microsoft SQL Server\150\DTS\Binn\;C:\Program Files\Common Files\Autodesk Shared\;C:\Program Files\Microsoft SQL Server\120\Tools\Binn\;C:\MinGW\bin;C:\Users\Дональд\AppData\Roaming\Python\Python310\Scripts;C:\Program Files (x86)\dotnet\;C:\Program Files\nodejs\;C:\Program Files\GitHub CLI\;C:\Program Files\MySQL\MySQL Shell 8.0\bin\;C:\Users\Дональд\AppData\Local\Microsoft\WindowsApps;C:\Program Files\Java\jdk-11\bin;C:\Program Files\Azure Data Studio\bin;C:\Program Files\Git\cmd\;C:\Program Files\Git\bin\;C:\Users\Дональд\AppData\Local\Programs\Microsoft VS Code\bin;C:\Program Files\heroku\bin;C:\Program Files\PostgreSQL\13\bin;C:\Users\Дональд\AppData\Local\GitHubDesktop\bin;C:\Users\Дональд\AppData\Roaming\Composer\vendor\bin;C:\xampp\php;C:\Users\Дональд\.dotnet\tools;C:\Users\Дональд\AppData\Local\atom\bin;C:\Users\Дональд\AppData\Local\Programs\Python\Python39\Scripts;C:\Users\Дональд\AppData\Local\Programs\Python\Python39;;C:\Program Files\JetBrains\IntelliJ IDEA Community Edition 2021.2.1\bin;;C:\Users\Дональд\AppData\Local\Microsoft\WindowsApps;C:\Users\Дональд\.dotnet\tools;C:\Users\Дональд\AppData\Roaming\npm

Yarn version: 
  1.22.11

Node version: 
  16.14.0

Platform: 
  win32 x64

Trace: 
  SyntaxError: C:\Users\Дональд\Downloads\WorldSkills_2021_Задание\WorldSkills_2021_Задание\media_m4\media_m4\data\package.json: Unexpected token } in JSON at position 166
      at JSON.parse (<anonymous>)
      at C:\Users\Дональд\AppData\Roaming\npm\node_modules\yarn\lib\cli.js:1625:59
      at Generator.next (<anonymous>)
      at step (C:\Users\Дональд\AppData\Roaming\npm\node_modules\yarn\lib\cli.js:310:30)
      at C:\Users\Дональд\AppData\Roaming\npm\node_modules\yarn\lib\cli.js:321:13

npm manifest: 
  {
    "name": "data",
    "version": "1.0.0",
    "description": "",
    "main": "index.js",
    "scripts": {
      "test": "echo \"Error: no test specified\" && exit 1",
      
    },
    "keywords": [],
    "author": "",
    "license": "ISC"
  }

yarn manifest: 
  No manifest

Lockfile: 
  No lockfile
